Build started 9/10/2014 7:57:45 AM.
Project "E:\Fun\Projects\Trainer\Trainer\Trainer.vcxproj" on node 2 (Build target(s)).
ClCompile:
  C:\Program Files\Microsoft Visual Studio 12.0\VC\bin\CL.exe /c /IC:\Users\Stanislav\Documents\opencv\build\include /IC:\Users\Stanislav\Documents\boost_1_56_0\boost_1_56_0 /ZI /nologo /W3 /WX- /sdl /Od /Oy- /D _MBCS /Gm /EHsc /RTC1 /MDd /GS /fp:precise /Zc:wchar_t /Zc:forScope /Fo"Debug\\" /Fd"Debug\vc120.pdb" /Gd /TP /analyze- /errorReport:prompt ..\src\CascadeClassifier.cpp ..\src\CheckQualityConfig.cpp ..\src\ClassifierTester.cpp ..\src\ClassifierTrainer.cpp ..\src\ConfigBase.cpp ..\src\ConfigurationElement.cpp ..\src\ConfigurationKeyPaths.cpp ..\src\ConfigurationManager.cpp ..\src\ConfigurationParser.cpp ..\src\ConfigurationTester.cpp ..\src\DescriptorConfigHOG.cpp ..\src\DescriptorConfigurationFactory.cpp ..\src\DescriptorConfigurator.cpp ..\src\DescriptorTester.cpp ..\src\Detector.cpp ..\src\DetectorConfig.cpp ..\src\EquationData.cpp ..\src\ExternalSolverConfig.cpp ..\src\FaceFeature.cpp ..\src\FileDataPersister.cpp ..\src\FileFinder.cpp ..\src\FileLinesGetter.cpp ..\src\FileLinesParser.cpp ..\src\HOGDescriptor.cpp ..\src\HOGSource.cpp ..\src\ImageCollectionDevider.cpp ..\src\ImageCollectionMerger.cpp ..\src\ImageCollectionMultiplier.cpp ..\src\ImageLandmarkData.cpp ..\src\ImagePainter.cpp ..\src\ImagePicker.cpp ..\src\ImageTransformer.cpp ..\src\ImageWriter.cpp ..\src\LandmarkCollectionData.cpp ..\src\LandmarkTester.cpp ..\src\LLSSolver.cpp ..\src\main.cpp ..\src\MainController.cpp ..\src\MatHelper.cpp ..\src\NoiseProducer.cpp ..\src\ProcrustesTransformer.cpp ..\src\SIFTDescriptor.cpp ..\src\StarFeature.cpp ..\src\StatisticProduser.cpp ..\src\StatisticTester.cpp ..\src\TestFunctionFeature.cpp ..\src\TestFunctionLandmarkData.cpp ..\src\TestManager.cpp ..\src\TrackerConfig.cpp ..\src\TrainedData.cpp ..\src\TrainedDataTest.cpp ..\src\TrainingTest.cpp
  TrainingTest.cpp
  TrainedDataTest.cpp
e:\fun\projects\trainer\src\traineddatatest.cpp(57): warning C4018: '<' : signed/unsigned mismatch
e:\fun\projects\trainer\src\traineddatatest.cpp(88): warning C4018: '<' : signed/unsigned mismatch
e:\fun\projects\trainer\src\traineddatatest.cpp(110): warning C4018: '<' : signed/unsigned mismatch
  TrainedData.cpp
e:\fun\projects\trainer\src\traineddata.cpp(47): warning C4018: '<' : signed/unsigned mismatch
e:\fun\projects\trainer\src\traineddata.cpp(94): warning C4018: '<' : signed/unsigned mismatch
  TrackerConfig.cpp
  TestManager.cpp
  TestFunctionLandmarkData.cpp
  TestFunctionFeature.cpp
  StatisticTester.cpp
  StatisticProduser.cpp
e:\fun\projects\trainer\src\statisticproduser.cpp(30): warning C4018: '<' : signed/unsigned mismatch
e:\fun\projects\trainer\src\statisticproduser.cpp(68): warning C4018: '<' : signed/unsigned mismatch
e:\fun\projects\trainer\src\statisticproduser.cpp(156): warning C4018: '<' : signed/unsigned mismatch
e:\fun\projects\trainer\src\statisticproduser.cpp(180): warning C4244: 'initializing' : conversion from 'const double' to 'int', possible loss of data
  StarFeature.cpp
e:\fun\projects\trainer\src\starfeature.cpp(60): warning C4018: '<' : signed/unsigned mismatch
  SIFTDescriptor.cpp
  ProcrustesTransformer.cpp
  NoiseProducer.cpp
  MatHelper.cpp
e:\fun\projects\trainer\src\mathelper.cpp(34): warning C4018: '<' : signed/unsigned mismatch
  MainController.cpp
  main.cpp
e:\fun\projects\trainer\src\main.cpp(41): warning C4101: 'controller' : unreferenced local variable
  LLSSolver.cpp
  LandmarkTester.cpp
e:\fun\projects\trainer\src\landmarktester.cpp(29): warning C4018: '<' : signed/unsigned mismatch
e:\fun\projects\trainer\src\landmarktester.cpp(62): warning C4018: '<' : signed/unsigned mismatch
  LandmarkCollectionData.cpp
  ImageWriter.cpp
  Generating Code...
  Compiling...
  ImageTransformer.cpp
  ImagePicker.cpp
  ImagePainter.cpp
  ImageLandmarkData.cpp
  ImageCollectionMultiplier.cpp
  ImageCollectionMerger.cpp
  ImageCollectionDevider.cpp
  HOGSource.cpp
  HOGDescriptor.cpp
  FileLinesParser.cpp
  FileLinesGetter.cpp
  FileFinder.cpp
  FileDataPersister.cpp
e:\fun\projects\trainer\src\filedatapersister.cpp(70): warning C4018: '<' : signed/unsigned mismatch
  FaceFeature.cpp
  ExternalSolverConfig.cpp
  EquationData.cpp
  DetectorConfig.cpp
  Detector.cpp
  DescriptorTester.cpp
e:\fun\projects\trainer\src\descriptortester.cpp(227): warning C4244: 'argument' : conversion from 'double' to 'int', possible loss of data
e:\fun\projects\trainer\src\descriptortester.cpp(228): warning C4244: 'argument' : conversion from 'double' to 'int', possible loss of data
  DescriptorConfigurator.cpp
  Generating Code...
  Compiling...
  DescriptorConfigurationFactory.cpp
  DescriptorConfigHOG.cpp
  ConfigurationTester.cpp
  ConfigurationParser.cpp
  ConfigurationManager.cpp
  ConfigurationKeyPaths.cpp
  ConfigurationElement.cpp
  ConfigBase.cpp
  ClassifierTrainer.cpp
e:\fun\projects\trainer\src\classifiertrainer.cpp(196): warning C4018: '<' : signed/unsigned mismatch
  ClassifierTester.cpp
  CheckQualityConfig.cpp
  CascadeClassifier.cpp
  Generating Code...
Link:
  C:\Program Files\Microsoft Visual Studio 12.0\VC\bin\link.exe /ERRORREPORT:PROMPT /OUT:"E:\Fun\Projects\Trainer\Debug\Trainer.exe" /INCREMENTAL /NOLOGO /LIBPATH:C:\Users\Stanislav\Documents\opencv\build\x86\vc12\bin /LIBPATH:C:\Users\Stanislav\Documents\opencv\build\x86\vc12\lib /LIBPATH:C:\Users\Stanislav\Documents\boost_1_56_0\boost_1_56_0\stage\lib opencv_core249d.lib opencv_features2d249d.lib opencv_imgproc249d.lib opencv_highgui249d.lib opencv_objdetect249d.lib kernel32.lib user32.lib gdi32.lib winspool.lib comdlg32.lib advapi32.lib shell32.lib ole32.lib oleaut32.lib uuid.lib odbc32.lib odbccp32.lib /MANIFEST /MANIFESTUAC:"level='asInvoker' uiAccess='false'" /manifest:embed /DEBUG /PDB:"E:\Fun\Projects\Trainer\Debug\Trainer.pdb" /SUBSYSTEM:CONSOLE /TLBID:1 /DYNAMICBASE /NXCOMPAT /IMPLIB:"E:\Fun\Projects\Trainer\Debug\Trainer.lib" /MACHINE:X86 Debug\CascadeClassifier.obj
  Debug\CheckQualityConfig.obj
  Debug\ClassifierTester.obj
  Debug\ClassifierTrainer.obj
  Debug\ConfigBase.obj
  Debug\ConfigurationElement.obj
  Debug\ConfigurationKeyPaths.obj
  Debug\ConfigurationManager.obj
  Debug\ConfigurationParser.obj
  Debug\ConfigurationTester.obj
  Debug\DescriptorConfigHOG.obj
  Debug\DescriptorConfigurationFactory.obj
  Debug\DescriptorConfigurator.obj
  Debug\DescriptorTester.obj
  Debug\Detector.obj
  Debug\DetectorConfig.obj
  Debug\EquationData.obj
  Debug\ExternalSolverConfig.obj
  Debug\FaceFeature.obj
  Debug\FileDataPersister.obj
  Debug\FileFinder.obj
  Debug\FileLinesGetter.obj
  Debug\FileLinesParser.obj
  Debug\HOGDescriptor.obj
  Debug\HOGSource.obj
  Debug\ImageCollectionDevider.obj
  Debug\ImageCollectionMerger.obj
  Debug\ImageCollectionMultiplier.obj
  Debug\ImageLandmarkData.obj
  Debug\ImagePainter.obj
  Debug\ImagePicker.obj
  Debug\ImageTransformer.obj
  Debug\ImageWriter.obj
  Debug\LandmarkCollectionData.obj
  Debug\LandmarkTester.obj
  Debug\LLSSolver.obj
  Debug\main.obj
  Debug\MainController.obj
  Debug\MatHelper.obj
  Debug\NoiseProducer.obj
  Debug\ProcrustesTransformer.obj
  Debug\SIFTDescriptor.obj
  Debug\StarFeature.obj
  Debug\StatisticProduser.obj
  Debug\StatisticTester.obj
  Debug\TestFunctionFeature.obj
  Debug\TestFunctionLandmarkData.obj
  Debug\TestManager.obj
  Debug\TrackerConfig.obj
  Debug\TrainedData.obj
  Debug\TrainedDataTest.obj
  Debug\TrainingTest.obj
  LINK : E:\Fun\Projects\Trainer\Debug\Trainer.exe not found or not built by the last incremental link; performing full link
  Trainer.vcxproj -> E:\Fun\Projects\Trainer\Debug\Trainer.exe
Done Building Project "E:\Fun\Projects\Trainer\Trainer\Trainer.vcxproj" (Build target(s)).

Build succeeded.

Time Elapsed 00:01:21.14
